INFO [2023-01-05 17:06:04] $fill
INFO [2023-01-05 17:06:04] [1] "#CC79A7" "#56B4E9" "#F0E442"
INFO [2023-01-05 17:06:04] 
INFO [2023-01-05 17:06:04] $col
INFO [2023-01-05 17:06:04] [1] "#D55E00" "#0072B2" "#E69F00"
INFO [2023-01-05 17:06:04] 
INFO [2023-01-05 17:06:04] $cat.col
INFO [2023-01-05 17:06:04] [1] "#D55E00" "#0072B2" "#E69F00"
INFO [2023-01-05 17:06:04] 
INFO [2023-01-05 17:06:04] $cat.cex
INFO [2023-01-05 17:06:04] [1] 1
INFO [2023-01-05 17:06:04] 
INFO [2023-01-05 17:06:04] $cat.fontface
INFO [2023-01-05 17:06:04] [1] "plain"
INFO [2023-01-05 17:06:04] 
INFO [2023-01-05 17:06:04] $cat.fontfamily
INFO [2023-01-05 17:06:04] [1] "serif"
INFO [2023-01-05 17:06:04] 
INFO [2023-01-05 17:06:04] $x
INFO [2023-01-05 17:06:04] $x$peaks1
INFO [2023-01-05 17:06:04]  [1]  6  7  8  9 10 11 12 13 14 15 16 17
INFO [2023-01-05 17:06:04] 
INFO [2023-01-05 17:06:04] $x$peaks2
INFO [2023-01-05 17:06:04]  [1]  1  2  3  4  5  6  7  8  9 10 11 12 13 14 15 16 17
INFO [2023-01-05 17:06:04] 
INFO [2023-01-05 17:06:04] $x$peaks3
INFO [2023-01-05 17:06:04]  [1]  3  4  5 11 12 13 14 15 16 17
INFO [2023-01-05 17:06:04] 
INFO [2023-01-05 17:06:04] 
INFO [2023-01-05 17:06:04] $filename
INFO [2023-01-05 17:06:04] NULL
INFO [2023-01-05 17:06:04] 
