INFO [2023-01-05 17:06:03] $fill
INFO [2023-01-05 17:06:03] [1] "#009E73" "#F0E442"
INFO [2023-01-05 17:06:03] 
INFO [2023-01-05 17:06:03] $col
INFO [2023-01-05 17:06:03] [1] "#D55E00" "#0072B2"
INFO [2023-01-05 17:06:03] 
INFO [2023-01-05 17:06:03] $cat.col
INFO [2023-01-05 17:06:03] [1] "#D55E00" "#0072B2"
INFO [2023-01-05 17:06:03] 
INFO [2023-01-05 17:06:03] $cat.cex
INFO [2023-01-05 17:06:03] [1] 1
INFO [2023-01-05 17:06:03] 
INFO [2023-01-05 17:06:03] $cat.fontface
INFO [2023-01-05 17:06:03] [1] "plain"
INFO [2023-01-05 17:06:03] 
INFO [2023-01-05 17:06:03] $cat.fontfamily
INFO [2023-01-05 17:06:03] [1] "serif"
INFO [2023-01-05 17:06:03] 
INFO [2023-01-05 17:06:03] $x
INFO [2023-01-05 17:06:03] $x$peaks1
INFO [2023-01-05 17:06:03]  [1]  6  7  8  9 10 11 12 13 14 15 16 17
INFO [2023-01-05 17:06:03] 
INFO [2023-01-05 17:06:03] $x$peaks2
INFO [2023-01-05 17:06:03]  [1]  1  2  3  4  5  6  7  8  9 10 11 12 13 14 15 16 17
INFO [2023-01-05 17:06:03] 
INFO [2023-01-05 17:06:03] 
INFO [2023-01-05 17:06:03] $filename
INFO [2023-01-05 17:06:03] NULL
INFO [2023-01-05 17:06:03] 
